<?xml version="1.0" encoding="UTF-8"?>
<testsuite xmlns:xsi="http://www.w3.org/2001/XMLSchema-instance" xsi:noNamespaceSchemaLocation="https://maven.apache.org/surefire/maven-surefire-plugin/xsd/surefire-test-report.xsd" name="com.example.newbst.NewbstApplicationTests" time="0.655" tests="0" errors="0" skipped="0" failures="0">
  <properties>
    <property name="sun.desktop" value="windows"/>
    <property name="awt.toolkit" value="sun.awt.windows.WToolkit"/>
    <property name="file.encoding.pkg" value="sun.io"/>
    <property name="java.specification.version" value="1.8"/>
    <property name="sun.cpu.isalist" value="amd64"/>
    <property name="sun.jnu.encoding" value="GBK"/>
    <property name="java.class.path" value="E:\Java study\newbst\target\test-classes;E:\Java study\newbst\target\classes;D:\CompilationEnvironment\Maven-Repository\org\springframework\boot\spring-boot-starter-jdbc\2.7.15-SNAPSHOT\spring-boot-starter-jdbc-2.7.15-SNAPSHOT.jar;D:\CompilationEnvironment\Maven-Repository\org\springframework\boot\spring-boot-starter\2.7.15-SNAPSHOT\spring-boot-starter-2.7.15-SNAPSHOT.jar;D:\CompilationEnvironment\Maven-Repository\org\springframework\boot\spring-boot-starter-logging\2.7.15-SNAPSHOT\spring-boot-starter-logging-2.7.15-SNAPSHOT.jar;D:\CompilationEnvironment\Maven-Repository\ch\qos\logback\logback-classic\1.2.12\logback-classic-1.2.12.jar;D:\CompilationEnvironment\Maven-Repository\ch\qos\logback\logback-core\1.2.12\logback-core-1.2.12.jar;D:\CompilationEnvironment\Maven-Repository\org\apache\logging\log4j\log4j-to-slf4j\2.17.2\log4j-to-slf4j-2.17.2.jar;D:\CompilationEnvironment\Maven-Repository\org\apache\logging\log4j\log4j-api\2.17.2\log4j-api-2.17.2.jar;D:\CompilationEnvironment\Maven-Repository\org\slf4j\jul-to-slf4j\1.7.36\jul-to-slf4j-1.7.36.jar;D:\CompilationEnvironment\Maven-Repository\jakarta\annotation\jakarta.annotation-api\1.3.5\jakarta.annotation-api-1.3.5.jar;D:\CompilationEnvironment\Maven-Repository\org\yaml\snakeyaml\1.30\snakeyaml-1.30.jar;D:\CompilationEnvironment\Maven-Repository\com\zaxxer\HikariCP\4.0.3\HikariCP-4.0.3.jar;D:\CompilationEnvironment\Maven-Repository\org\slf4j\slf4j-api\1.7.36\slf4j-api-1.7.36.jar;D:\CompilationEnvironment\Maven-Repository\org\springframework\spring-jdbc\5.3.29\spring-jdbc-5.3.29.jar;D:\CompilationEnvironment\Maven-Repository\org\springframework\spring-beans\5.3.29\spring-beans-5.3.29.jar;D:\CompilationEnvironment\Maven-Repository\org\springframework\spring-tx\5.3.29\spring-tx-5.3.29.jar;D:\CompilationEnvironment\Maven-Repository\org\springframework\boot\spring-boot-starter-web\2.7.15-SNAPSHOT\spring-boot-starter-web-2.7.15-SNAPSHOT.jar;D:\CompilationEnvironment\Maven-Repository\org\springframework\boot\spring-boot-starter-json\2.7.15-SNAPSHOT\spring-boot-starter-json-2.7.15-SNAPSHOT.jar;D:\CompilationEnvironment\Maven-Repository\com\fasterxml\jackson\datatype\jackson-datatype-jdk8\2.13.5\jackson-datatype-jdk8-2.13.5.jar;D:\CompilationEnvironment\Maven-Repository\com\fasterxml\jackson\datatype\jackson-datatype-jsr310\2.13.5\jackson-datatype-jsr310-2.13.5.jar;D:\CompilationEnvironment\Maven-Repository\com\fasterxml\jackson\module\jackson-module-parameter-names\2.13.5\jackson-module-parameter-names-2.13.5.jar;D:\CompilationEnvironment\Maven-Repository\org\springframework\boot\spring-boot-starter-tomcat\2.7.15-SNAPSHOT\spring-boot-starter-tomcat-2.7.15-SNAPSHOT.jar;D:\CompilationEnvironment\Maven-Repository\org\apache\tomcat\embed\tomcat-embed-core\9.0.79\tomcat-embed-core-9.0.79.jar;D:\CompilationEnvironment\Maven-Repository\org\apache\tomcat\embed\tomcat-embed-el\9.0.79\tomcat-embed-el-9.0.79.jar;D:\CompilationEnvironment\Maven-Repository\org\apache\tomcat\embed\tomcat-embed-websocket\9.0.79\tomcat-embed-websocket-9.0.79.jar;D:\CompilationEnvironment\Maven-Repository\org\springframework\spring-web\5.3.29\spring-web-5.3.29.jar;D:\CompilationEnvironment\Maven-Repository\org\springframework\spring-webmvc\5.3.29\spring-webmvc-5.3.29.jar;D:\CompilationEnvironment\Maven-Repository\org\springframework\spring-aop\5.3.29\spring-aop-5.3.29.jar;D:\CompilationEnvironment\Maven-Repository\org\springframework\spring-context\5.3.29\spring-context-5.3.29.jar;D:\CompilationEnvironment\Maven-Repository\org\springframework\spring-expression\5.3.29\spring-expression-5.3.29.jar;D:\CompilationEnvironment\Maven-Repository\org\springframework\boot\spring-boot-devtools\2.7.15-SNAPSHOT\spring-boot-devtools-2.7.15-SNAPSHOT.jar;D:\CompilationEnvironment\Maven-Repository\org\springframework\boot\spring-boot\2.7.15-SNAPSHOT\spring-boot-2.7.15-SNAPSHOT.jar;D:\CompilationEnvironment\Maven-Repository\org\springframework\boot\spring-boot-autoconfigure\2.7.15-SNAPSHOT\spring-boot-autoconfigure-2.7.15-SNAPSHOT.jar;D:\CompilationEnvironment\Maven-Repository\com\mysql\mysql-connector-j\8.0.33\mysql-connector-j-8.0.33.jar;D:\CompilationEnvironment\Maven-Repository\org\projectlombok\lombok\1.18.28\lombok-1.18.28.jar;D:\CompilationEnvironment\Maven-Repository\com\baomidou\mybatis-plus-boot-starter\3.5.2\mybatis-plus-boot-starter-3.5.2.jar;D:\CompilationEnvironment\Maven-Repository\com\baomidou\mybatis-plus\3.5.2\mybatis-plus-3.5.2.jar;D:\CompilationEnvironment\Maven-Repository\com\baomidou\mybatis-plus-extension\3.5.2\mybatis-plus-extension-3.5.2.jar;D:\CompilationEnvironment\Maven-Repository\com\baomidou\mybatis-plus-core\3.5.2\mybatis-plus-core-3.5.2.jar;D:\CompilationEnvironment\Maven-Repository\com\baomidou\mybatis-plus-annotation\3.5.2\mybatis-plus-annotation-3.5.2.jar;D:\CompilationEnvironment\Maven-Repository\com\github\jsqlparser\jsqlparser\4.4\jsqlparser-4.4.jar;D:\CompilationEnvironment\Maven-Repository\org\mybatis\mybatis\3.5.10\mybatis-3.5.10.jar;D:\CompilationEnvironment\Maven-Repository\org\mybatis\mybatis-spring\2.0.7\mybatis-spring-2.0.7.jar;D:\CompilationEnvironment\Maven-Repository\org\jetbrains\kotlin\kotlin-stdlib-jdk8\1.6.21\kotlin-stdlib-jdk8-1.6.21.jar;D:\CompilationEnvironment\Maven-Repository\org\jetbrains\kotlin\kotlin-stdlib\1.6.21\kotlin-stdlib-1.6.21.jar;D:\CompilationEnvironment\Maven-Repository\org\jetbrains\kotlin\kotlin-stdlib-common\1.6.21\kotlin-stdlib-common-1.6.21.jar;D:\CompilationEnvironment\Maven-Repository\org\jetbrains\annotations\13.0\annotations-13.0.jar;D:\CompilationEnvironment\Maven-Repository\org\jetbrains\kotlin\kotlin-stdlib-jdk7\1.6.21\kotlin-stdlib-jdk7-1.6.21.jar;D:\CompilationEnvironment\Maven-Repository\org\springframework\boot\spring-boot-starter-test\2.7.15-SNAPSHOT\spring-boot-starter-test-2.7.15-SNAPSHOT.jar;D:\CompilationEnvironment\Maven-Repository\org\springframework\boot\spring-boot-test\2.7.15-SNAPSHOT\spring-boot-test-2.7.15-SNAPSHOT.jar;D:\CompilationEnvironment\Maven-Repository\org\springframework\boot\spring-boot-test-autoconfigure\2.7.15-SNAPSHOT\spring-boot-test-autoconfigure-2.7.15-SNAPSHOT.jar;D:\CompilationEnvironment\Maven-Repository\com\jayway\jsonpath\json-path\2.7.0\json-path-2.7.0.jar;D:\CompilationEnvironment\Maven-Repository\net\minidev\json-smart\2.4.11\json-smart-2.4.11.jar;D:\CompilationEnvironment\Maven-Repository\net\minidev\accessors-smart\2.4.11\accessors-smart-2.4.11.jar;D:\CompilationEnvironment\Maven-Repository\org\ow2\asm\asm\9.3\asm-9.3.jar;D:\CompilationEnvironment\Maven-Repository\jakarta\xml\bind\jakarta.xml.bind-api\2.3.3\jakarta.xml.bind-api-2.3.3.jar;D:\CompilationEnvironment\Maven-Repository\jakarta\activation\jakarta.activation-api\1.2.2\jakarta.activation-api-1.2.2.jar;D:\CompilationEnvironment\Maven-Repository\org\assertj\assertj-core\3.22.0\assertj-core-3.22.0.jar;D:\CompilationEnvironment\Maven-Repository\org\hamcrest\hamcrest\2.2\hamcrest-2.2.jar;D:\CompilationEnvironment\Maven-Repository\org\junit\jupiter\junit-jupiter\5.8.2\junit-jupiter-5.8.2.jar;D:\CompilationEnvironment\Maven-Repository\org\junit\jupiter\junit-jupiter-api\5.8.2\junit-jupiter-api-5.8.2.jar;D:\CompilationEnvironment\Maven-Repository\org\opentest4j\opentest4j\1.2.0\opentest4j-1.2.0.jar;D:\CompilationEnvironment\Maven-Repository\org\junit\platform\junit-platform-commons\1.8.2\junit-platform-commons-1.8.2.jar;D:\CompilationEnvironment\Maven-Repository\org\apiguardian\apiguardian-api\1.1.2\apiguardian-api-1.1.2.jar;D:\CompilationEnvironment\Maven-Repository\org\junit\jupiter\junit-jupiter-params\5.8.2\junit-jupiter-params-5.8.2.jar;D:\CompilationEnvironment\Maven-Repository\org\junit\jupiter\junit-jupiter-engine\5.8.2\junit-jupiter-engine-5.8.2.jar;D:\CompilationEnvironment\Maven-Repository\org\junit\platform\junit-platform-engine\1.8.2\junit-platform-engine-1.8.2.jar;D:\CompilationEnvironment\Maven-Repository\org\mockito\mockito-core\4.5.1\mockito-core-4.5.1.jar;D:\CompilationEnvironment\Maven-Repository\net\bytebuddy\byte-buddy\1.12.23\byte-buddy-1.12.23.jar;D:\CompilationEnvironment\Maven-Repository\net\bytebuddy\byte-buddy-agent\1.12.23\byte-buddy-agent-1.12.23.jar;D:\CompilationEnvironment\Maven-Repository\org\objenesis\objenesis\3.2\objenesis-3.2.jar;D:\CompilationEnvironment\Maven-Repository\org\mockito\mockito-junit-jupiter\4.5.1\mockito-junit-jupiter-4.5.1.jar;D:\CompilationEnvironment\Maven-Repository\org\skyscreamer\jsonassert\1.5.1\jsonassert-1.5.1.jar;D:\CompilationEnvironment\Maven-Repository\com\vaadin\external\google\android-json\0.0.20131108.vaadin1\android-json-0.0.20131108.vaadin1.jar;D:\CompilationEnvironment\Maven-Repository\org\springframework\spring-core\5.3.29\spring-core-5.3.29.jar;D:\CompilationEnvironment\Maven-Repository\org\springframework\spring-jcl\5.3.29\spring-jcl-5.3.29.jar;D:\CompilationEnvironment\Maven-Repository\org\springframework\spring-test\5.3.29\spring-test-5.3.29.jar;D:\CompilationEnvironment\Maven-Repository\org\xmlunit\xmlunit-core\2.9.1\xmlunit-core-2.9.1.jar;D:\CompilationEnvironment\Maven-Repository\com\h2database\h2\2.1.214\h2-2.1.214.jar;D:\CompilationEnvironment\Maven-Repository\io\jsonwebtoken\jjwt-api\0.11.2\jjwt-api-0.11.2.jar;D:\CompilationEnvironment\Maven-Repository\io\jsonwebtoken\jjwt-impl\0.11.2\jjwt-impl-0.11.2.jar;D:\CompilationEnvironment\Maven-Repository\io\jsonwebtoken\jjwt-jackson\0.11.2\jjwt-jackson-0.11.2.jar;D:\CompilationEnvironment\Maven-Repository\org\testng\testng\7.4.0\testng-7.4.0.jar;D:\CompilationEnvironment\Maven-Repository\com\beust\jcommander\1.78\jcommander-1.78.jar;D:\CompilationEnvironment\Maven-Repository\org\webjars\jquery\3.5.1\jquery-3.5.1.jar;D:\CompilationEnvironment\Maven-Repository\com\fasterxml\jackson\core\jackson-core\2.12.5\jackson-core-2.12.5.jar;D:\CompilationEnvironment\Maven-Repository\com\fasterxml\jackson\core\jackson-databind\2.12.5\jackson-databind-2.12.5.jar;D:\CompilationEnvironment\Maven-Repository\com\fasterxml\jackson\core\jackson-annotations\2.13.5\jackson-annotations-2.13.5.jar;D:\CompilationEnvironment\Maven-Repository\com\github\lbovolini\ObjectMapper\0.2.3\ObjectMapper-0.2.3.jar;"/>
    <property name="java.vm.vendor" value="Amazon.com Inc."/>
    <property name="sun.arch.data.model" value="64"/>
    <property name="user.variant" value=""/>
    <property name="java.vendor.url" value="https://aws.amazon.com/corretto/"/>
    <property name="user.timezone" value="Asia/Shanghai"/>
    <property name="java.vm.specification.version" value="1.8"/>
    <property name="os.name" value="Windows 11"/>
    <property name="user.country" value="CN"/>
    <property name="sun.java.launcher" value="SUN_STANDARD"/>
    <property name="sun.boot.library.path" value="D:\CompilationEnvironment\Java8\jre\bin"/>
    <property name="sun.java.command" value="C:\Users\Lenovo\AppData\Local\Temp\surefire3132775128523645927\surefirebooter8437362588691513936.jar C:\Users\Lenovo\AppData\Local\Temp\surefire3132775128523645927 2023-08-18T13-36-18_943-jvmRun1 surefire4730827906264161546tmp surefire_027830492490664482tmp"/>
    <property name="surefire.test.class.path" value="E:\Java study\newbst\target\test-classes;E:\Java study\newbst\target\classes;D:\CompilationEnvironment\Maven-Repository\org\springframework\boot\spring-boot-starter-jdbc\2.7.15-SNAPSHOT\spring-boot-starter-jdbc-2.7.15-SNAPSHOT.jar;D:\CompilationEnvironment\Maven-Repository\org\springframework\boot\spring-boot-starter\2.7.15-SNAPSHOT\spring-boot-starter-2.7.15-SNAPSHOT.jar;D:\CompilationEnvironment\Maven-Repository\org\springframework\boot\spring-boot-starter-logging\2.7.15-SNAPSHOT\spring-boot-starter-logging-2.7.15-SNAPSHOT.jar;D:\CompilationEnvironment\Maven-Repository\ch\qos\logback\logback-classic\1.2.12\logback-classic-1.2.12.jar;D:\CompilationEnvironment\Maven-Repository\ch\qos\logback\logback-core\1.2.12\logback-core-1.2.12.jar;D:\CompilationEnvironment\Maven-Repository\org\apache\logging\log4j\log4j-to-slf4j\2.17.2\log4j-to-slf4j-2.17.2.jar;D:\CompilationEnvironment\Maven-Repository\org\apache\logging\log4j\log4j-api\2.17.2\log4j-api-2.17.2.jar;D:\CompilationEnvironment\Maven-Repository\org\slf4j\jul-to-slf4j\1.7.36\jul-to-slf4j-1.7.36.jar;D:\CompilationEnvironment\Maven-Repository\jakarta\annotation\jakarta.annotation-api\1.3.5\jakarta.annotation-api-1.3.5.jar;D:\CompilationEnvironment\Maven-Repository\org\yaml\snakeyaml\1.30\snakeyaml-1.30.jar;D:\CompilationEnvironment\Maven-Repository\com\zaxxer\HikariCP\4.0.3\HikariCP-4.0.3.jar;D:\CompilationEnvironment\Maven-Repository\org\slf4j\slf4j-api\1.7.36\slf4j-api-1.7.36.jar;D:\CompilationEnvironment\Maven-Repository\org\springframework\spring-jdbc\5.3.29\spring-jdbc-5.3.29.jar;D:\CompilationEnvironment\Maven-Repository\org\springframework\spring-beans\5.3.29\spring-beans-5.3.29.jar;D:\CompilationEnvironment\Maven-Repository\org\springframework\spring-tx\5.3.29\spring-tx-5.3.29.jar;D:\CompilationEnvironment\Maven-Repository\org\springframework\boot\spring-boot-starter-web\2.7.15-SNAPSHOT\spring-boot-starter-web-2.7.15-SNAPSHOT.jar;D:\CompilationEnvironment\Maven-Repository\org\springframework\boot\spring-boot-starter-json\2.7.15-SNAPSHOT\spring-boot-starter-json-2.7.15-SNAPSHOT.jar;D:\CompilationEnvironment\Maven-Repository\com\fasterxml\jackson\datatype\jackson-datatype-jdk8\2.13.5\jackson-datatype-jdk8-2.13.5.jar;D:\CompilationEnvironment\Maven-Repository\com\fasterxml\jackson\datatype\jackson-datatype-jsr310\2.13.5\jackson-datatype-jsr310-2.13.5.jar;D:\CompilationEnvironment\Maven-Repository\com\fasterxml\jackson\module\jackson-module-parameter-names\2.13.5\jackson-module-parameter-names-2.13.5.jar;D:\CompilationEnvironment\Maven-Repository\org\springframework\boot\spring-boot-starter-tomcat\2.7.15-SNAPSHOT\spring-boot-starter-tomcat-2.7.15-SNAPSHOT.jar;D:\CompilationEnvironment\Maven-Repository\org\apache\tomcat\embed\tomcat-embed-core\9.0.79\tomcat-embed-core-9.0.79.jar;D:\CompilationEnvironment\Maven-Repository\org\apache\tomcat\embed\tomcat-embed-el\9.0.79\tomcat-embed-el-9.0.79.jar;D:\CompilationEnvironment\Maven-Repository\org\apache\tomcat\embed\tomcat-embed-websocket\9.0.79\tomcat-embed-websocket-9.0.79.jar;D:\CompilationEnvironment\Maven-Repository\org\springframework\spring-web\5.3.29\spring-web-5.3.29.jar;D:\CompilationEnvironment\Maven-Repository\org\springframework\spring-webmvc\5.3.29\spring-webmvc-5.3.29.jar;D:\CompilationEnvironment\Maven-Repository\org\springframework\spring-aop\5.3.29\spring-aop-5.3.29.jar;D:\CompilationEnvironment\Maven-Repository\org\springframework\spring-context\5.3.29\spring-context-5.3.29.jar;D:\CompilationEnvironment\Maven-Repository\org\springframework\spring-expression\5.3.29\spring-expression-5.3.29.jar;D:\CompilationEnvironment\Maven-Repository\org\springframework\boot\spring-boot-devtools\2.7.15-SNAPSHOT\spring-boot-devtools-2.7.15-SNAPSHOT.jar;D:\CompilationEnvironment\Maven-Repository\org\springframework\boot\spring-boot\2.7.15-SNAPSHOT\spring-boot-2.7.15-SNAPSHOT.jar;D:\CompilationEnvironment\Maven-Repository\org\springframework\boot\spring-boot-autoconfigure\2.7.15-SNAPSHOT\spring-boot-autoconfigure-2.7.15-SNAPSHOT.jar;D:\CompilationEnvironment\Maven-Repository\com\mysql\mysql-connector-j\8.0.33\mysql-connector-j-8.0.33.jar;D:\CompilationEnvironment\Maven-Repository\org\projectlombok\lombok\1.18.28\lombok-1.18.28.jar;D:\CompilationEnvironment\Maven-Repository\com\baomidou\mybatis-plus-boot-starter\3.5.2\mybatis-plus-boot-starter-3.5.2.jar;D:\CompilationEnvironment\Maven-Repository\com\baomidou\mybatis-plus\3.5.2\mybatis-plus-3.5.2.jar;D:\CompilationEnvironment\Maven-Repository\com\baomidou\mybatis-plus-extension\3.5.2\mybatis-plus-extension-3.5.2.jar;D:\CompilationEnvironment\Maven-Repository\com\baomidou\mybatis-plus-core\3.5.2\mybatis-plus-core-3.5.2.jar;D:\CompilationEnvironment\Maven-Repository\com\baomidou\mybatis-plus-annotation\3.5.2\mybatis-plus-annotation-3.5.2.jar;D:\CompilationEnvironment\Maven-Repository\com\github\jsqlparser\jsqlparser\4.4\jsqlparser-4.4.jar;D:\CompilationEnvironment\Maven-Repository\org\mybatis\mybatis\3.5.10\mybatis-3.5.10.jar;D:\CompilationEnvironment\Maven-Repository\org\mybatis\mybatis-spring\2.0.7\mybatis-spring-2.0.7.jar;D:\CompilationEnvironment\Maven-Repository\org\jetbrains\kotlin\kotlin-stdlib-jdk8\1.6.21\kotlin-stdlib-jdk8-1.6.21.jar;D:\CompilationEnvironment\Maven-Repository\org\jetbrains\kotlin\kotlin-stdlib\1.6.21\kotlin-stdlib-1.6.21.jar;D:\CompilationEnvironment\Maven-Repository\org\jetbrains\kotlin\kotlin-stdlib-common\1.6.21\kotlin-stdlib-common-1.6.21.jar;D:\CompilationEnvironment\Maven-Repository\org\jetbrains\annotations\13.0\annotations-13.0.jar;D:\CompilationEnvironment\Maven-Repository\org\jetbrains\kotlin\kotlin-stdlib-jdk7\1.6.21\kotlin-stdlib-jdk7-1.6.21.jar;D:\CompilationEnvironment\Maven-Repository\org\springframework\boot\spring-boot-starter-test\2.7.15-SNAPSHOT\spring-boot-starter-test-2.7.15-SNAPSHOT.jar;D:\CompilationEnvironment\Maven-Repository\org\springframework\boot\spring-boot-test\2.7.15-SNAPSHOT\spring-boot-test-2.7.15-SNAPSHOT.jar;D:\CompilationEnvironment\Maven-Repository\org\springframework\boot\spring-boot-test-autoconfigure\2.7.15-SNAPSHOT\spring-boot-test-autoconfigure-2.7.15-SNAPSHOT.jar;D:\CompilationEnvironment\Maven-Repository\com\jayway\jsonpath\json-path\2.7.0\json-path-2.7.0.jar;D:\CompilationEnvironment\Maven-Repository\net\minidev\json-smart\2.4.11\json-smart-2.4.11.jar;D:\CompilationEnvironment\Maven-Repository\net\minidev\accessors-smart\2.4.11\accessors-smart-2.4.11.jar;D:\CompilationEnvironment\Maven-Repository\org\ow2\asm\asm\9.3\asm-9.3.jar;D:\CompilationEnvironment\Maven-Repository\jakarta\xml\bind\jakarta.xml.bind-api\2.3.3\jakarta.xml.bind-api-2.3.3.jar;D:\CompilationEnvironment\Maven-Repository\jakarta\activation\jakarta.activation-api\1.2.2\jakarta.activation-api-1.2.2.jar;D:\CompilationEnvironment\Maven-Repository\org\assertj\assertj-core\3.22.0\assertj-core-3.22.0.jar;D:\CompilationEnvironment\Maven-Repository\org\hamcrest\hamcrest\2.2\hamcrest-2.2.jar;D:\CompilationEnvironment\Maven-Repository\org\junit\jupiter\junit-jupiter\5.8.2\junit-jupiter-5.8.2.jar;D:\CompilationEnvironment\Maven-Repository\org\junit\jupiter\junit-jupiter-api\5.8.2\junit-jupiter-api-5.8.2.jar;D:\CompilationEnvironment\Maven-Repository\org\opentest4j\opentest4j\1.2.0\opentest4j-1.2.0.jar;D:\CompilationEnvironment\Maven-Repository\org\junit\platform\junit-platform-commons\1.8.2\junit-platform-commons-1.8.2.jar;D:\CompilationEnvironment\Maven-Repository\org\apiguardian\apiguardian-api\1.1.2\apiguardian-api-1.1.2.jar;D:\CompilationEnvironment\Maven-Repository\org\junit\jupiter\junit-jupiter-params\5.8.2\junit-jupiter-params-5.8.2.jar;D:\CompilationEnvironment\Maven-Repository\org\junit\jupiter\junit-jupiter-engine\5.8.2\junit-jupiter-engine-5.8.2.jar;D:\CompilationEnvironment\Maven-Repository\org\junit\platform\junit-platform-engine\1.8.2\junit-platform-engine-1.8.2.jar;D:\CompilationEnvironment\Maven-Repository\org\mockito\mockito-core\4.5.1\mockito-core-4.5.1.jar;D:\CompilationEnvironment\Maven-Repository\net\bytebuddy\byte-buddy\1.12.23\byte-buddy-1.12.23.jar;D:\CompilationEnvironment\Maven-Repository\net\bytebuddy\byte-buddy-agent\1.12.23\byte-buddy-agent-1.12.23.jar;D:\CompilationEnvironment\Maven-Repository\org\objenesis\objenesis\3.2\objenesis-3.2.jar;D:\CompilationEnvironment\Maven-Repository\org\mockito\mockito-junit-jupiter\4.5.1\mockito-junit-jupiter-4.5.1.jar;D:\CompilationEnvironment\Maven-Repository\org\skyscreamer\jsonassert\1.5.1\jsonassert-1.5.1.jar;D:\CompilationEnvironment\Maven-Repository\com\vaadin\external\google\android-json\0.0.20131108.vaadin1\android-json-0.0.20131108.vaadin1.jar;D:\CompilationEnvironment\Maven-Repository\org\springframework\spring-core\5.3.29\spring-core-5.3.29.jar;D:\CompilationEnvironment\Maven-Repository\org\springframework\spring-jcl\5.3.29\spring-jcl-5.3.29.jar;D:\CompilationEnvironment\Maven-Repository\org\springframework\spring-test\5.3.29\spring-test-5.3.29.jar;D:\CompilationEnvironment\Maven-Repository\org\xmlunit\xmlunit-core\2.9.1\xmlunit-core-2.9.1.jar;D:\CompilationEnvironment\Maven-Repository\com\h2database\h2\2.1.214\h2-2.1.214.jar;D:\CompilationEnvironment\Maven-Repository\io\jsonwebtoken\jjwt-api\0.11.2\jjwt-api-0.11.2.jar;D:\CompilationEnvironment\Maven-Repository\io\jsonwebtoken\jjwt-impl\0.11.2\jjwt-impl-0.11.2.jar;D:\CompilationEnvironment\Maven-Repository\io\jsonwebtoken\jjwt-jackson\0.11.2\jjwt-jackson-0.11.2.jar;D:\CompilationEnvironment\Maven-Repository\org\testng\testng\7.4.0\testng-7.4.0.jar;D:\CompilationEnvironment\Maven-Repository\com\beust\jcommander\1.78\jcommander-1.78.jar;D:\CompilationEnvironment\Maven-Repository\org\webjars\jquery\3.5.1\jquery-3.5.1.jar;D:\CompilationEnvironment\Maven-Repository\com\fasterxml\jackson\core\jackson-core\2.12.5\jackson-core-2.12.5.jar;D:\CompilationEnvironment\Maven-Repository\com\fasterxml\jackson\core\jackson-databind\2.12.5\jackson-databind-2.12.5.jar;D:\CompilationEnvironment\Maven-Repository\com\fasterxml\jackson\core\jackson-annotations\2.13.5\jackson-annotations-2.13.5.jar;D:\CompilationEnvironment\Maven-Repository\com\github\lbovolini\ObjectMapper\0.2.3\ObjectMapper-0.2.3.jar;"/>
    <property name="sun.cpu.endian" value="little"/>
    <property name="user.home" value="C:\Users\Lenovo"/>
    <property name="user.language" value="zh"/>
    <property name="java.specification.vendor" value="Oracle Corporation"/>
    <property name="java.home" value="D:\CompilationEnvironment\Java8\jre"/>
    <property name="basedir" value="E:\Java study\newbst"/>
    <property name="file.separator" value="\"/>
    <property name="line.separator" value="&#10;"/>
    <property name="java.vm.specification.vendor" value="Oracle Corporation"/>
    <property name="java.specification.name" value="Java Platform API Specification"/>
    <property name="java.awt.graphicsenv" value="sun.awt.Win32GraphicsEnvironment"/>
    <property name="surefire.real.class.path" value="C:\Users\Lenovo\AppData\Local\Temp\surefire3132775128523645927\surefirebooter8437362588691513936.jar"/>
    <property name="sun.boot.class.path" value="D:\CompilationEnvironment\Java8\jre\lib\resources.jar;D:\CompilationEnvironment\Java8\jre\lib\rt.jar;D:\CompilationEnvironment\Java8\jre\lib\sunrsasign.jar;D:\CompilationEnvironment\Java8\jre\lib\jsse.jar;D:\CompilationEnvironment\Java8\jre\lib\jce.jar;D:\CompilationEnvironment\Java8\jre\lib\charsets.jar;D:\CompilationEnvironment\Java8\jre\lib\jfr.jar;D:\CompilationEnvironment\Java8\jre\classes"/>
    <property name="user.script" value=""/>
    <property name="sun.management.compiler" value="HotSpot 64-Bit Tiered Compilers"/>
    <property name="java.runtime.version" value="1.8.0_342-b07"/>
    <property name="user.name" value="Lenovo"/>
    <property name="path.separator" value=";"/>
    <property name="os.version" value="10.0"/>
    <property name="java.endorsed.dirs" value="D:\CompilationEnvironment\Java8\jre\lib\endorsed"/>
    <property name="java.runtime.name" value="OpenJDK Runtime Environment"/>
    <property name="file.encoding" value="GBK"/>
    <property name="java.vm.name" value="OpenJDK 64-Bit Server VM"/>
    <property name="localRepository" value="D:\CompilationEnvironment\Maven-Repository"/>
    <property name="java.vendor.url.bug" value="https://github.com/corretto/corretto-8/issues/"/>
    <property name="java.io.tmpdir" value="C:\Users\Lenovo\AppData\Local\Temp\"/>
    <property name="idea.version" value="2022.3"/>
    <property name="java.version" value="1.8.0_342"/>
    <property name="user.dir" value="E:\Java study\newbst"/>
    <property name="os.arch" value="amd64"/>
    <property name="java.vm.specification.name" value="Java Virtual Machine Specification"/>
    <property name="java.awt.printerjob" value="sun.awt.windows.WPrinterJob"/>
    <property name="sun.os.patch.level" value=""/>
    <property name="java.library.path" value="D:\CompilationEnvironment\Java8\jre\bin;C:\WINDOWS\Sun\Java\bin;C:\WINDOWS\system32;C:\WINDOWS;D:\ComputerSoftware\visual studio\VC\Tools\MSVC\14.33.31629\bin\Hostx86\x86\;D:\ComputerSoftware\Qt\Tools\QtDesignStudio\qt5_design_studio_reduced_version\bin;D:\ComputerSoftware\VMware\VMware Workstation\bin\;C:\Program Files\NVIDIA GPU Computing Toolkit\CUDA\v11.6\bin;C:\Program Files\NVIDIA GPU Computing Toolkit\CUDA\v11.6\libnvvp;C:\Program Files\NVIDIA GPU Computing Toolkit\CUDA\v11.6\include;C:\Program Files\NVIDIA GPU Computing Toolkit\CUDA\v11.6\lib;C:\windows\system32;C:\windows;C:\windows\System32\Wbem;C:\windows\System32\WindowsPowerShell\v1.0\;C:\windows\System32\OpenSSH\;C:\Program Files (x86)\NVIDIA Corporation\PhysX\Common;D:\CompilationEnvironment\nvm;C:\Program Files\nodejs;D:\CompilationEnvironment\Git\cmd;D:\ComputerSoftware\R2021b\runtime\win64;D:\ComputerSoftware\R2021b\bin;C:\Program Files\NVIDIA Corporation\Nsight Compute 2022.1.0\;C:\Program Files\NVIDIA Corporation\NVIDIA NvDLISR;C:\Program Files\dotnet\;D:\ComputerSoftware\微信web开发者工具\dll;D:\CompilationEnvironment\SDK\tools;D:\ComputerLearning\PythonStudy\love\ffmpeg_venv\bin;C:\WINDOWS\system32;C:\WINDOWS;C:\WINDOWS\System32\Wbem;C:\WINDOWS\System32\WindowsPowerShell\v1.0\;C:\WINDOWS\System32\OpenSSH\;D:\CompilationEnvironment\apache-tomcat-10.1.7\bin;D:\CompilationEnvironment\apache-tomcat-10.1.7\lib;D:\CompilationEnvironment\Java11\bin;D:\CompilationEnvironment\apache-maven-3.8.4\bin;D:\CommonSoftware\Xsheell7\;D:\ComputerSoftware\QtInstallerFramework\bin;D:\CompilationEnvironment\golang\bin;D:\CompilationEnvironment\pandoc\;D:\ComputerSoftware\wkhtmltopdf\bin;D:\CompilationEnvironment\SDK\platform-tools;D:\CompilationEnvironment\SDK\build-tools\33.0.0;D:\CompilationEnvironment\SDK\tools\bin;D:\CompilationEnvironment\anaconda3;D:\ComputerLearning\PythonStudy\辅助学习\venv\Lib\site-packages\PyQt5\Qt5\plugins;D:\CompilationEnvironment\anaconda3\Library\mingw-w64\bin;D:\CompilationEnvironment\anaconda3\Library\usr\bin;D:\CompilationEnvironment\anaconda3\Library\bin;D:\CompilationEnvironment\anaconda3\Scripts;C:\Program Files\MySQL\MySQL Shell 8.0\bin\;C:\Program Files\MySQL\MySQL Server 8.0\bin;C:\Users\Lenovo\AppData\Local\Microsoft\WindowsApps;D:\计算机软件\PyCharm Community Edition 2022.2.1\bin;D:\ComputerSoftware\Microsoft VS Code\bin;D:\CompilationEnvironment\nvm;C:\Program Files\nodejs;D:\ComputerSoftware\IntelliJ IDEA Community Edition 2022.2.1\bin;D:\ComputerSoftware\Fiddler;D:\ComputerSoftware\PyCharm Community Edition 2022.1.2\bin;;D:\ComputerSoftware\Pycharm\PyCharm 2023.1.1\bin;;D:\CompilationEnvironment\netcat;C:\Users\Lenovo\.dotnet\tools;D:\ComputerSoftware\IntelliJ IDEA 2022.3\bin;;C:\Users\Lenovo\AppData\Local\Microsoft\WindowsApps;D:\ComputerSoftware\visual studio\VC\Tools\MSVC\14.33.31629\bin\Hostx86\x86\;;D:\ComputerSoftware\goland\GoLand 2023.1.1\bin;;C:\Users\Lenovo\go\bin;."/>
    <property name="java.vm.info" value="mixed mode"/>
    <property name="java.vendor" value="Amazon.com Inc."/>
    <property name="java.vm.version" value="25.342-b07"/>
    <property name="java.ext.dirs" value="D:\CompilationEnvironment\Java8\jre\lib\ext;C:\WINDOWS\Sun\Java\lib\ext"/>
    <property name="sun.io.unicode.encoding" value="UnicodeLittle"/>
    <property name="maven.repo.local" value="D:\CompilationEnvironment\Maven-Repository"/>
    <property name="java.class.version" value="52.0"/>
  </properties>
</testsuite>